
Showing logs for build [32mmuirp-environment-fingertide-st-8g8mq-1[0m stage [32mfrom-build-pack[0m and container [32mstep-credential-initializer-dfqfd[0m
{"level":"warn","ts":1567432171.2983384,"logger":"fallback-logger","caller":"logging/config.go:69","msg":"Fetch GitHub commit ID from kodata failed: \"ref: refs/heads/master\" is not a valid GitHub commit ID"}
{"level":"info","ts":1567432171.2990615,"logger":"fallback-logger","caller":"creds-init/main.go:40","msg":"Credentials initialized."}

Showing logs for build [32mmuirp-environment-fingertide-st-8g8mq-1[0m stage [32mfrom-build-pack[0m and container [32mstep-working-dir-initializer-mcbdj[0m
{"level":"warn","ts":1567432172.249092,"logger":"fallback-logger","caller":"logging/config.go:69","msg":"Fetch GitHub commit ID from kodata failed: open /var/run/ko/HEAD: no such file or directory"}
{"level":"info","ts":1567432172.250322,"logger":"fallback-logger","caller":"bash/main.go:65","msg":"Successfully executed command \"mkdir -p /workspace/source /workspace/source/env\""}

Showing logs for build [32mmuirp-environment-fingertide-st-8g8mq-1[0m stage [32mfrom-build-pack[0m and container [32mstep-place-tools[0m

Showing logs for build [32mmuirp-environment-fingertide-st-8g8mq-1[0m stage [32mfrom-build-pack[0m and container [32mstep-git-source-muirp-environment-fingertide-st-9hq5n[0m
{"level":"warn","ts":1567432177.286847,"logger":"fallback-logger","caller":"logging/config.go:69","msg":"Fetch GitHub commit ID from kodata failed: \"ref: refs/heads/master\" is not a valid GitHub commit ID"}
{"level":"info","ts":1567432178.387855,"logger":"fallback-logger","caller":"git/git.go:102","msg":"Successfully cloned https://github.com/muirp/environment-fingertide-staging.git @ e80a3de03ee93f63a792eb78dedc620473ddf9cb in path /workspace/source"}

Showing logs for build [32mmuirp-environment-fingertide-st-8g8mq-1[0m stage [32mfrom-build-pack[0m and container [32mstep-git-merge[0m
Using SHAs from PULL_REFS=master:a07c8f0eb15f419fd5d24e7e0872156f4f679dfe,6:e80a3de03ee93f63a792eb78dedc620473ddf9cb
DEBUG: ran git fetch --unshallow origin e80a3de03ee93f63a792eb78dedc620473ddf9cb: a07c8f0eb15f419fd5d24e7e0872156f4f679dfe: in 
DEBUG: ran git checkout master in 
DEBUG: ran git reset --hard a07c8f0eb15f419fd5d24e7e0872156f4f679dfe in 
DEBUG: ran clean --force -d . in 
DEBUG: ran git merge e80a3de03ee93f63a792eb78dedc620473ddf9cb in 
Merged SHA e80a3de03ee93f63a792eb78dedc620473ddf9cb with commit message 'chore: Promote test-fingerlie4 to version 0.0.1' into base branch master

Showing logs for build [32mmuirp-environment-fingertide-st-8g8mq-1[0m stage [32mfrom-build-pack[0m and container [32mstep-build-helm-build[0m
WARNING: No $CHART_REPOSITORY defined so using the default value of: http://jenkins-x-chartmuseum:8080
Adding missing Helm repo: storage.googleapis.com https://storage.googleapis.com/chartmuseum.jenkins-x.io
Successfully added Helm repository storage.googleapis.com.
Adding missing Helm repo: jenkins-x-chartmuseum http://jenkins-x-chartmuseum:8080
Successfully added Helm repository jenkins-x-chartmuseum.
WARNING: No $CHART_REPOSITORY defined so using the default value of: http://jenkins-x-chartmuseum:8080
Adding missing Helm repo: chartmuseum.jenkins-x.io http://chartmuseum.jenkins-x.io
Successfully added Helm repository chartmuseum.jenkins-x.io.
