
Showing logs for build [32mmuirp-environment-fingertide-st-mq6dg-1[0m stage [32mfrom-build-pack[0m and container [32mstep-credential-initializer-jwwqk[0m
{"level":"warn","ts":1567430972.564457,"logger":"fallback-logger","caller":"logging/config.go:69","msg":"Fetch GitHub commit ID from kodata failed: \"ref: refs/heads/master\" is not a valid GitHub commit ID"}
{"level":"info","ts":1567430972.5650947,"logger":"fallback-logger","caller":"creds-init/main.go:40","msg":"Credentials initialized."}

Showing logs for build [32mmuirp-environment-fingertide-st-mq6dg-1[0m stage [32mfrom-build-pack[0m and container [32mstep-working-dir-initializer-2jzq5[0m
{"level":"warn","ts":1567430972.838322,"logger":"fallback-logger","caller":"logging/config.go:69","msg":"Fetch GitHub commit ID from kodata failed: open /var/run/ko/HEAD: no such file or directory"}
{"level":"info","ts":1567430972.8396375,"logger":"fallback-logger","caller":"bash/main.go:65","msg":"Successfully executed command \"mkdir -p /workspace/source /workspace/source/env\""}

Showing logs for build [32mmuirp-environment-fingertide-st-mq6dg-1[0m stage [32mfrom-build-pack[0m and container [32mstep-place-tools[0m

Showing logs for build [32mmuirp-environment-fingertide-st-mq6dg-1[0m stage [32mfrom-build-pack[0m and container [32mstep-git-source-muirp-environment-fingertide-st-rpsdn[0m
{"level":"warn","ts":1567430977.922491,"logger":"fallback-logger","caller":"logging/config.go:69","msg":"Fetch GitHub commit ID from kodata failed: \"ref: refs/heads/master\" is not a valid GitHub commit ID"}
{"level":"info","ts":1567430978.9882767,"logger":"fallback-logger","caller":"git/git.go:102","msg":"Successfully cloned https://github.com/muirp/environment-fingertide-staging.git @ e5a8664130f53360eea35db4eaeed685ee2a9dff in path /workspace/source"}

Showing logs for build [32mmuirp-environment-fingertide-st-mq6dg-1[0m stage [32mfrom-build-pack[0m and container [32mstep-git-merge[0m
Using SHAs from PULL_REFS=master:0bf6d884b8af42e5a90398a8c73533c8a8b25654,3:e5a8664130f53360eea35db4eaeed685ee2a9dff
DEBUG: ran git fetch --unshallow origin e5a8664130f53360eea35db4eaeed685ee2a9dff: 0bf6d884b8af42e5a90398a8c73533c8a8b25654: in 
DEBUG: ran git checkout master in 
DEBUG: ran git reset --hard 0bf6d884b8af42e5a90398a8c73533c8a8b25654 in 
DEBUG: ran clean --force -d . in 
DEBUG: ran git merge e5a8664130f53360eea35db4eaeed685ee2a9dff in 
Merged SHA e5a8664130f53360eea35db4eaeed685ee2a9dff with commit message 'chore: Promote fingerlie-test2 to version 0.0.1' into base branch master

Showing logs for build [32mmuirp-environment-fingertide-st-mq6dg-1[0m stage [32mfrom-build-pack[0m and container [32mstep-build-helm-build[0m
WARNING: No $CHART_REPOSITORY defined so using the default value of: http://jenkins-x-chartmuseum:8080
Adding missing Helm repo: storage.googleapis.com https://storage.googleapis.com/chartmuseum.jenkins-x.io
Successfully added Helm repository storage.googleapis.com.
Adding missing Helm repo: jenkins-x-chartmuseum http://jenkins-x-chartmuseum:8080
Successfully added Helm repository jenkins-x-chartmuseum.
WARNING: No $CHART_REPOSITORY defined so using the default value of: http://jenkins-x-chartmuseum:8080
Adding missing Helm repo: chartmuseum.jenkins-x.io http://chartmuseum.jenkins-x.io
Successfully added Helm repository chartmuseum.jenkins-x.io.
