
Showing logs for build [32mmuirp-environment-fingertide-st-j6rdv-1[0m stage [32mfrom-build-pack[0m and container [32mstep-credential-initializer-7hhxj[0m
{"level":"warn","ts":1567432250.9616995,"logger":"fallback-logger","caller":"logging/config.go:69","msg":"Fetch GitHub commit ID from kodata failed: \"ref: refs/heads/master\" is not a valid GitHub commit ID"}
{"level":"info","ts":1567432250.9652674,"logger":"fallback-logger","caller":"creds-init/main.go:40","msg":"Credentials initialized."}

Showing logs for build [32mmuirp-environment-fingertide-st-j6rdv-1[0m stage [32mfrom-build-pack[0m and container [32mstep-working-dir-initializer-5bl4x[0m
{"level":"warn","ts":1567432252.1909716,"logger":"fallback-logger","caller":"logging/config.go:69","msg":"Fetch GitHub commit ID from kodata failed: open /var/run/ko/HEAD: no such file or directory"}
{"level":"info","ts":1567432252.1939106,"logger":"fallback-logger","caller":"bash/main.go:65","msg":"Successfully executed command \"mkdir -p /workspace/source /workspace/source/env\""}

Showing logs for build [32mmuirp-environment-fingertide-st-j6rdv-1[0m stage [32mfrom-build-pack[0m and container [32mstep-place-tools[0m

Showing logs for build [32mmuirp-environment-fingertide-st-j6rdv-1[0m stage [32mfrom-build-pack[0m and container [32mstep-git-source-muirp-environment-fingertide-st-qnlz8[0m
{"level":"warn","ts":1567432257.2176871,"logger":"fallback-logger","caller":"logging/config.go:69","msg":"Fetch GitHub commit ID from kodata failed: \"ref: refs/heads/master\" is not a valid GitHub commit ID"}
{"level":"info","ts":1567432258.326653,"logger":"fallback-logger","caller":"git/git.go:102","msg":"Successfully cloned https://github.com/muirp/environment-fingertide-staging.git @ 77fe9fde78ddf1a06c1ea2defca7ea9072fb8182 in path /workspace/source"}

Showing logs for build [32mmuirp-environment-fingertide-st-j6rdv-1[0m stage [32mfrom-build-pack[0m and container [32mstep-git-merge[0m
Using SHAs from PULL_REFS=master:465b0e9c6dc32f0cde6b1094e00edf0fc80ce680,7:77fe9fde78ddf1a06c1ea2defca7ea9072fb8182
DEBUG: ran git fetch --unshallow origin 77fe9fde78ddf1a06c1ea2defca7ea9072fb8182: 465b0e9c6dc32f0cde6b1094e00edf0fc80ce680: in 
DEBUG: ran git checkout master in 
DEBUG: ran git reset --hard 465b0e9c6dc32f0cde6b1094e00edf0fc80ce680 in 
DEBUG: ran clean --force -d . in 
DEBUG: ran git merge 77fe9fde78ddf1a06c1ea2defca7ea9072fb8182 in 
Merged SHA 77fe9fde78ddf1a06c1ea2defca7ea9072fb8182 with commit message 'The command `jx delete application` was run by pmuir and it generated this Pull Request' into base branch master

Showing logs for build [32mmuirp-environment-fingertide-st-j6rdv-1[0m stage [32mfrom-build-pack[0m and container [32mstep-build-helm-build[0m
WARNING: No $CHART_REPOSITORY defined so using the default value of: http://jenkins-x-chartmuseum:8080
Adding missing Helm repo: storage.googleapis.com https://storage.googleapis.com/chartmuseum.jenkins-x.io
Successfully added Helm repository storage.googleapis.com.
Adding missing Helm repo: jenkins-x-chartmuseum http://jenkins-x-chartmuseum:8080
Successfully added Helm repository jenkins-x-chartmuseum.
WARNING: No $CHART_REPOSITORY defined so using the default value of: http://jenkins-x-chartmuseum:8080
Adding missing Helm repo: chartmuseum.jenkins-x.io http://chartmuseum.jenkins-x.io
Successfully added Helm repository chartmuseum.jenkins-x.io.
