
Showing logs for build [32mmuirp-environment-fingertide-st-1[0m stage [32mfrom-build-pack[0m and container [32mstep-credential-initializer-jds7n[0m
{"level":"warn","ts":1567425771.2323449,"logger":"fallback-logger","caller":"logging/config.go:69","msg":"Fetch GitHub commit ID from kodata failed: \"ref: refs/heads/master\" is not a valid GitHub commit ID"}
{"level":"info","ts":1567425771.2331026,"logger":"fallback-logger","caller":"creds-init/main.go:40","msg":"Credentials initialized."}

Showing logs for build [32mmuirp-environment-fingertide-st-1[0m stage [32mfrom-build-pack[0m and container [32mstep-working-dir-initializer-lz8tf[0m
{"level":"warn","ts":1567425772.865993,"logger":"fallback-logger","caller":"logging/config.go:69","msg":"Fetch GitHub commit ID from kodata failed: open /var/run/ko/HEAD: no such file or directory"}
{"level":"info","ts":1567425772.8674212,"logger":"fallback-logger","caller":"bash/main.go:65","msg":"Successfully executed command \"mkdir -p /workspace/source /workspace/source/env\""}

Showing logs for build [32mmuirp-environment-fingertide-st-1[0m stage [32mfrom-build-pack[0m and container [32mstep-place-tools[0m

Showing logs for build [32mmuirp-environment-fingertide-st-1[0m stage [32mfrom-build-pack[0m and container [32mstep-git-source-muirp-environment-fingertide-st-n8b45[0m
{"level":"warn","ts":1567425832.924226,"logger":"fallback-logger","caller":"logging/config.go:69","msg":"Fetch GitHub commit ID from kodata failed: \"ref: refs/heads/master\" is not a valid GitHub commit ID"}
{"level":"info","ts":1567425834.023398,"logger":"fallback-logger","caller":"git/git.go:102","msg":"Successfully cloned https://github.com/muirp/environment-fingertide-staging.git @ 0bae9c674cb6b98154de7d502db27c0a67af21e7 in path /workspace/source"}

Showing logs for build [32mmuirp-environment-fingertide-st-1[0m stage [32mfrom-build-pack[0m and container [32mstep-git-merge[0m
Using SHAs from PULL_REFS=master:f3da60f8a7c286b31404cea6cc7ee747c95c9696,1:0bae9c674cb6b98154de7d502db27c0a67af21e7
DEBUG: ran git fetch --unshallow origin 0bae9c674cb6b98154de7d502db27c0a67af21e7: f3da60f8a7c286b31404cea6cc7ee747c95c9696: in 
DEBUG: ran git checkout master in 
DEBUG: ran git reset --hard f3da60f8a7c286b31404cea6cc7ee747c95c9696 in 
DEBUG: ran clean --force -d . in 
DEBUG: ran git merge 0bae9c674cb6b98154de7d502db27c0a67af21e7 in 
Merged SHA 0bae9c674cb6b98154de7d502db27c0a67af21e7 with commit message 'chore: Promote test-fingerlie to version 0.0.1' into base branch master

Showing logs for build [32mmuirp-environment-fingertide-st-1[0m stage [32mfrom-build-pack[0m and container [32mstep-build-helm-build[0m
WARNING: No $CHART_REPOSITORY defined so using the default value of: http://jenkins-x-chartmuseum:8080
Adding missing Helm repo: storage.googleapis.com https://storage.googleapis.com/chartmuseum.jenkins-x.io
Successfully added Helm repository storage.googleapis.com.
Adding missing Helm repo: jenkins-x-chartmuseum http://jenkins-x-chartmuseum:8080
Successfully added Helm repository jenkins-x-chartmuseum.
WARNING: No $CHART_REPOSITORY defined so using the default value of: http://jenkins-x-chartmuseum:8080
Adding missing Helm repo: chartmuseum.jenkins-x.io http://chartmuseum.jenkins-x.io
Successfully added Helm repository chartmuseum.jenkins-x.io.
