
Showing logs for build [32mmuirp-environment-fingertide-st-mtrnd-1[0m stage [32mfrom-build-pack[0m and container [32mstep-credential-initializer-djnfn[0m
{"level":"warn","ts":1567430562.6594398,"logger":"fallback-logger","caller":"logging/config.go:69","msg":"Fetch GitHub commit ID from kodata failed: \"ref: refs/heads/master\" is not a valid GitHub commit ID"}
{"level":"info","ts":1567430562.6630952,"logger":"fallback-logger","caller":"creds-init/main.go:40","msg":"Credentials initialized."}

Showing logs for build [32mmuirp-environment-fingertide-st-mtrnd-1[0m stage [32mfrom-build-pack[0m and container [32mstep-working-dir-initializer-5t7gt[0m
{"level":"warn","ts":1567430562.9629195,"logger":"fallback-logger","caller":"logging/config.go:69","msg":"Fetch GitHub commit ID from kodata failed: open /var/run/ko/HEAD: no such file or directory"}
{"level":"info","ts":1567430562.9653351,"logger":"fallback-logger","caller":"bash/main.go:65","msg":"Successfully executed command \"mkdir -p /workspace/source /workspace/source/env\""}

Showing logs for build [32mmuirp-environment-fingertide-st-mtrnd-1[0m stage [32mfrom-build-pack[0m and container [32mstep-place-tools[0m

Showing logs for build [32mmuirp-environment-fingertide-st-mtrnd-1[0m stage [32mfrom-build-pack[0m and container [32mstep-git-source-muirp-environment-fingertide-st-nzh2v[0m
{"level":"warn","ts":1567430567.0221562,"logger":"fallback-logger","caller":"logging/config.go:69","msg":"Fetch GitHub commit ID from kodata failed: \"ref: refs/heads/master\" is not a valid GitHub commit ID"}
{"level":"info","ts":1567430568.0983963,"logger":"fallback-logger","caller":"git/git.go:102","msg":"Successfully cloned https://github.com/muirp/environment-fingertide-staging.git @ 3d17138ad70d25da65af33128095e18fde7e98e6 in path /workspace/source"}

Showing logs for build [32mmuirp-environment-fingertide-st-mtrnd-1[0m stage [32mfrom-build-pack[0m and container [32mstep-git-merge[0m
Using SHAs from PULL_REFS=master:1043e772fa6b30ae3099635836107fdd7b9dd109,2:3d17138ad70d25da65af33128095e18fde7e98e6
DEBUG: ran git fetch --unshallow origin 3d17138ad70d25da65af33128095e18fde7e98e6: 1043e772fa6b30ae3099635836107fdd7b9dd109: in 
DEBUG: ran git checkout master in 
DEBUG: ran git reset --hard 1043e772fa6b30ae3099635836107fdd7b9dd109 in 
DEBUG: ran clean --force -d . in 
DEBUG: ran git merge 3d17138ad70d25da65af33128095e18fde7e98e6 in 
Merged SHA 3d17138ad70d25da65af33128095e18fde7e98e6 with commit message 'The command `jx delete application` was run by pmuir and it generated this Pull Request' into base branch master

Showing logs for build [32mmuirp-environment-fingertide-st-mtrnd-1[0m stage [32mfrom-build-pack[0m and container [32mstep-build-helm-build[0m
WARNING: No $CHART_REPOSITORY defined so using the default value of: http://jenkins-x-chartmuseum:8080
Adding missing Helm repo: storage.googleapis.com https://storage.googleapis.com/chartmuseum.jenkins-x.io
Successfully added Helm repository storage.googleapis.com.
Adding missing Helm repo: jenkins-x-chartmuseum http://jenkins-x-chartmuseum:8080
Successfully added Helm repository jenkins-x-chartmuseum.
WARNING: No $CHART_REPOSITORY defined so using the default value of: http://jenkins-x-chartmuseum:8080
Adding missing Helm repo: chartmuseum.jenkins-x.io http://chartmuseum.jenkins-x.io
Successfully added Helm repository chartmuseum.jenkins-x.io.
