
Showing logs for build [32mmuirp-environment-fingertide-st-jv82b-1[0m stage [32mfrom-build-pack[0m and container [32mstep-credential-initializer-lbwmv[0m
{"level":"warn","ts":1567431084.3961415,"logger":"fallback-logger","caller":"logging/config.go:69","msg":"Fetch GitHub commit ID from kodata failed: \"ref: refs/heads/master\" is not a valid GitHub commit ID"}
{"level":"info","ts":1567431084.3966992,"logger":"fallback-logger","caller":"creds-init/main.go:40","msg":"Credentials initialized."}

Showing logs for build [32mmuirp-environment-fingertide-st-jv82b-1[0m stage [32mfrom-build-pack[0m and container [32mstep-working-dir-initializer-zz6k5[0m
{"level":"warn","ts":1567431085.6809595,"logger":"fallback-logger","caller":"logging/config.go:69","msg":"Fetch GitHub commit ID from kodata failed: open /var/run/ko/HEAD: no such file or directory"}
{"level":"info","ts":1567431085.681998,"logger":"fallback-logger","caller":"bash/main.go:65","msg":"Successfully executed command \"mkdir -p /workspace/source /workspace/source/env\""}

Showing logs for build [32mmuirp-environment-fingertide-st-jv82b-1[0m stage [32mfrom-build-pack[0m and container [32mstep-place-tools[0m

Showing logs for build [32mmuirp-environment-fingertide-st-jv82b-1[0m stage [32mfrom-build-pack[0m and container [32mstep-git-source-muirp-environment-fingertide-st-cwf92[0m
{"level":"warn","ts":1567431089.6759927,"logger":"fallback-logger","caller":"logging/config.go:69","msg":"Fetch GitHub commit ID from kodata failed: \"ref: refs/heads/master\" is not a valid GitHub commit ID"}
{"level":"info","ts":1567431090.756572,"logger":"fallback-logger","caller":"git/git.go:102","msg":"Successfully cloned https://github.com/muirp/environment-fingertide-staging.git @ 97c9a3317d75f5923c3f02c6a004632a7684d35c in path /workspace/source"}

Showing logs for build [32mmuirp-environment-fingertide-st-jv82b-1[0m stage [32mfrom-build-pack[0m and container [32mstep-git-merge[0m
Using SHAs from PULL_REFS=master:91d454ccca5a538db14077c11d7cae2a446595f4,4:97c9a3317d75f5923c3f02c6a004632a7684d35c
DEBUG: ran git fetch --unshallow origin 97c9a3317d75f5923c3f02c6a004632a7684d35c: 91d454ccca5a538db14077c11d7cae2a446595f4: in 
DEBUG: ran git checkout master in 
DEBUG: ran git reset --hard 91d454ccca5a538db14077c11d7cae2a446595f4 in 
DEBUG: ran clean --force -d . in 
DEBUG: ran git merge 97c9a3317d75f5923c3f02c6a004632a7684d35c in 
Merged SHA 97c9a3317d75f5923c3f02c6a004632a7684d35c with commit message 'The command `jx delete application` was run by pmuir and it generated this Pull Request' into base branch master

Showing logs for build [32mmuirp-environment-fingertide-st-jv82b-1[0m stage [32mfrom-build-pack[0m and container [32mstep-build-helm-build[0m
WARNING: No $CHART_REPOSITORY defined so using the default value of: http://jenkins-x-chartmuseum:8080
Adding missing Helm repo: storage.googleapis.com https://storage.googleapis.com/chartmuseum.jenkins-x.io
Successfully added Helm repository storage.googleapis.com.
Adding missing Helm repo: jenkins-x-chartmuseum http://jenkins-x-chartmuseum:8080
Successfully added Helm repository jenkins-x-chartmuseum.
WARNING: No $CHART_REPOSITORY defined so using the default value of: http://jenkins-x-chartmuseum:8080
Adding missing Helm repo: chartmuseum.jenkins-x.io http://chartmuseum.jenkins-x.io
Successfully added Helm repository chartmuseum.jenkins-x.io.
